#-----------------------------------------------------------
# PlanAhead v14.7 (64-bit)
# Build 321239 by xbuild on Fri Sep 27 19:29:51 MDT 2013
# Start of session at: Fri Jun 01 14:57:03 2018
# Process ID: 5948
# Log file: E:/Exp4_Segment/Exp4_Segment/planAhead_run_2/planAhead.log
# Journal file: E:/Exp4_Segment/Exp4_Segment/planAhead_run_2/planAhead.jou
#-----------------------------------------------------------
INFO: [Common 17-78] Attempting to get a license: PlanAhead
INFO: [Common 17-290] Got license for PlanAhead
INFO: [Device 21-36] Loading parts and site information from C:/Xilinx/14.7/ISE_DS/PlanAhead/data/parts/arch.xml
Parsing RTL primitives file [C:/Xilinx/14.7/ISE_DS/PlanAhead/data/parts/xilinx/rtl/prims/rtl_prims.xml]
Finished parsing RTL primitives file [C:/Xilinx/14.7/ISE_DS/PlanAhead/data/parts/xilinx/rtl/prims/rtl_prims.xml]
start_gui
source E:/Exp4_Segment/Exp4_Segment/pa.fromHdl.tcl
# create_project -name Exp4_Segment -dir "E:/Exp4_Segment/Exp4_Segment/planAhead_run_2" -part xc6slx16csg324-3
# set_param project.pinAheadLayout yes
# set srcset [get_property srcset [current_run -impl]]
# set_property target_constrs_file "Segment_M.ucf" [current_fileset -constrset]
Adding file 'E:/Exp4_Segment/Exp4_Segment/Segment_M.ucf' to fileset 'constrs_1'
# set hdlfile [add_files [list {Segment_Top.v}]]
# set_property file_type Verilog $hdlfile
# set_property library work $hdlfile
# set_property top Segment_Top $srcset
# add_files [list {Segment_M.ucf}] -fileset [get_property constrset [current_run]]
# open_rtl_design -part xc6slx16csg324-3
Using Verific elaboration
Parsing VHDL file "C:/Xilinx/14.7/ISE_DS/PlanAhead/data/parts/xilinx/rtl/lib/synplify/synattr.vhd" into library synplify
Analyzing Verilog file "E:/Exp4_Segment/Exp4_Segment/Segment_Top.v" into library work
Loading clock regions from C:/Xilinx/14.7/ISE_DS/PlanAhead/data\parts/xilinx/spartan6/spartan6lx/xc6slx16/ClockRegion.xml
Loading clock buffers from C:/Xilinx/14.7/ISE_DS/PlanAhead/data\parts/xilinx/spartan6/spartan6lx/xc6slx16/ClockBuffers.xml
Loading package pin functions from C:/Xilinx/14.7/ISE_DS/PlanAhead/data\parts/xilinx/spartan6/PinFunctions.xml...
Loading package from C:/Xilinx/14.7/ISE_DS/PlanAhead/data\parts/xilinx/spartan6/spartan6lx/xc6slx16/csg324/Package.xml
Loading io standards from C:/Xilinx/14.7/ISE_DS/PlanAhead/data\./parts/xilinx/spartan6/IOStandards.xml
Loading device configuration modes from C:/Xilinx/14.7/ISE_DS/PlanAhead/data\parts/xilinx/spartan6/ConfigModes.xml
Loading list of drcs for the architecture : C:/Xilinx/14.7/ISE_DS/PlanAhead/data\./parts/xilinx/spartan6/drc.xml
Parsing UCF File [E:/Exp4_Segment/Exp4_Segment/Segment_M.ucf]
Finished Parsing UCF File [E:/Exp4_Segment/Exp4_Segment/Segment_M.ucf]
INFO: [Project 1-111] Unisim Transformation Summary:
No Unisim elements were transformed.

Phase 0 | Netlist Checksum: 660f6c97
open_rtl_design: Time (s): elapsed = 00:00:06 . Memory (MB): peak = 640.070 ; gain = 170.156
update_compile_order -fileset sim_1
startgroup
set_property package_pin T11 [get_ports {LED[7]}]
endgroup
startgroup
set_property package_pin R11 [get_ports {LED[6]}]
endgroup
startgroup
set_property package_pin N11 [get_ports {LED[5]}]
endgroup
startgroup
set_property package_pin M11 [get_ports {LED[4]}]
endgroup
startgroup
set_property package_pin V15 [get_ports {LED[3]}]
endgroup
startgroup
set_property package_pin U15 [get_ports {LED[2]}]
endgroup
startgroup
set_property package_pin V16 [get_ports {LED[1]}]
endgroup
startgroup
set_property package_pin U16 [get_ports {LED[0]}]
endgroup
startgroup
set_property package_pin U15 [get_ports {LED[2]}]
endgroup
startgroup
set_property package_pin T10 [get_ports {Switch_Address[4]}]
endgroup
startgroup
set_property package_pin T9 [get_ports {Switch_Address[3]}]
endgroup
startgroup
set_property package_pin V9 [get_ports {Switch_Address[2]}]
endgroup
startgroup
set_property package_pin M8 [get_ports {Switch_Address[1]}]
endgroup
startgroup
set_property package_pin N8 [get_ports {Switch_Address[0]}]
endgroup
startgroup
set_property package_pin V9 [get_ports {Switch_Address[2]}]
endgroup
startgroup
set_property package_pin U8 [get_ports {Switch_Select[1]}]
endgroup
startgroup
set_property package_pin V8 [get_ports {Switch_Select[0]}]
endgroup
set_property package_pin "" [get_ports [list  Button_AB]]
startgroup
set_property package_pin T5 [get_ports Switch_WriteReg]
endgroup
set_property package_pin "" [get_ports [list  Button_AB]]
startgroup
set_property package_pin C9 [get_ports Button_Clk]
endgroup
startgroup
set_property package_pin D9 [get_ports Button_Reset]
endgroup
startgroup
set_property package_pin A9 [get_ports Button_AB]
endgroup
save_constraints
exit
ERROR: [PlanAhead 12-106] *** Exception: ui.h.b: Found deleted key in HTclEventBroker. Verify if the classes listed here call cleanup()
HTclEvent: SIGNAL_BUS_MODIFY   Classes: ui.views.aR 
HTclEvent: DEBUG_PORT_CONFIG_CHANGE   Classes: ui.views.aR 
HTclEvent: SIGNAL_MODIFY   Classes: ui.views.aR 
HTclEvent: DEBUG_CORE_CONFIG_CHANGE   Classes: ui.views.aR 
 (See E:/Exp4_Segment/Exp4_Segment\planAhead_pid5948.debug)
ERROR: [Common 17-39] 'stop_gui' failed due to earlier errors.
INFO: [Common 17-206] Exiting PlanAhead at Fri Jun 01 15:00:57 2018...
INFO: [Common 17-83] Releasing license: PlanAhead
