--------------------------------------------------------------------------------
Release 14.7 Trace  (nt64)
Copyright (c) 1995-2013 Xilinx, Inc.  All rights reserved.

C:\Xilinx\14.7\ISE_DS\ISE\bin\nt64\unwrapped\trce.exe -intstyle ise -v 3 -s 3
-n 3 -fastpaths -xml CLLAAdderM.twx CLLAAdderM.ncd -o CLLAAdderM.twr
CLLAAdderM.pcf -ucf CLAAAdderM.ucf

Design file:              CLLAAdderM.ncd
Physical constraint file: CLLAAdderM.pcf
Device,package,speed:     xc6slx16,csg324,C,-3 (PRODUCTION 1.23 2013-10-13)
Report level:             verbose report

Environment Variable      Effect 
--------------------      ------ 
NONE                      No environment variables were set
--------------------------------------------------------------------------------

INFO:Timing:2698 - No timing constraints found, doing default enumeration.
INFO:Timing:3412 - To improve timing, see the Timing Closure User Guide (UG612).
INFO:Timing:2752 - To get complete path coverage, use the unconstrained paths 
   option. All paths that are not constrained will be reported in the 
   unconstrained paths section(s) of the report.
INFO:Timing:3339 - The clock-to-out numbers in this timing report are based on 
   a 50 Ohm transmission line loading model.  For the details of this model, 
   and for more information on accounting for different loading conditions, 
   please see the device datasheet.



Data Sheet report:
-----------------
All values displayed in nanoseconds (ns)

Pad to Pad
---------------+---------------+---------+
Source Pad     |Destination Pad|  Delay  |
---------------+---------------+---------+
A<2>           |Cout           |    7.486|
A<2>           |F<2>           |    6.704|
A<2>           |F<3>           |    6.846|
A<3>           |Cout           |    7.780|
A<3>           |F<3>           |    7.140|
B<2>           |Cout           |    7.550|
B<2>           |F<2>           |    6.652|
B<2>           |F<3>           |    6.910|
B<3>           |Cout           |    8.195|
B<3>           |F<3>           |    7.555|
---------------+---------------+---------+


Analysis completed Fri Apr 27 14:58:27 2018 
--------------------------------------------------------------------------------

Trace Settings:
-------------------------
Trace Settings 

Peak Memory Usage: 223 MB



