#-----------------------------------------------------------
# PlanAhead v14.7 (64-bit)
# Build 321239 by xbuild on Fri Sep 27 19:29:51 MDT 2013
# Start of session at: Fri May 18 14:11:04 2018
# Process ID: 4608
# Log file: E:/CCOAexp/Experiment/Exp3_ALU/planAhead_run_2/planAhead.log
# Journal file: E:/CCOAexp/Experiment/Exp3_ALU/planAhead_run_2/planAhead.jou
#-----------------------------------------------------------
INFO: [Common 17-78] Attempting to get a license: PlanAhead
INFO: [Common 17-290] Got license for PlanAhead
INFO: [Device 21-36] Loading parts and site information from C:/Xilinx/14.7/ISE_DS/PlanAhead/data/parts/arch.xml
Parsing RTL primitives file [C:/Xilinx/14.7/ISE_DS/PlanAhead/data/parts/xilinx/rtl/prims/rtl_prims.xml]
Finished parsing RTL primitives file [C:/Xilinx/14.7/ISE_DS/PlanAhead/data/parts/xilinx/rtl/prims/rtl_prims.xml]
start_gui
source E:/CCOAexp/Experiment/Exp3_ALU/pa.fromNetlist.tcl
# create_project -name Exp3 -dir "E:/CCOAexp/Experiment/Exp3_ALU/planAhead_run_2" -part xc6slx16csg324-3
# set_property design_mode GateLvl [get_property srcset [current_run -impl]]
# set_property edif_top_file "E:/CCOAexp/Experiment/Exp3_ALU/ALU_M.ngc" [ get_property srcset [ current_run ] ]
# add_files -norecurse { {E:/CCOAexp/Experiment/Exp3_ALU} }
# set_property target_constrs_file "ALU_M.ucf" [current_fileset -constrset]
Adding file 'E:/CCOAexp/Experiment/Exp3_ALU/ALU_M.ucf' to fileset 'constrs_1'
# add_files [list {ALU_M.ucf}] -fileset [get_property constrset [current_run]]
# link_design
Design is defaulting to srcset: sources_1
Design is defaulting to constrset: constrs_1
Design is defaulting to project part: xc6slx16csg324-3
Release 14.7 - ngc2edif P.20131013 (nt64)
Copyright (c) 1995-2013 Xilinx, Inc.  All rights reserved.
Reading design ALU_M.ngc ...
WARNING:NetListWriters:298 - No output is written to ALU_M.xncf, ignored.
Processing design ...
   Preping design's networks ...
   Preping design's macros ...
WARNING:NetListWriters:306 - Signal bus A<31 : 0> on block ALU_M is not
   reconstructed, because there are some missing bus signals.
WARNING:NetListWriters:306 - Signal bus
   A1/Mcompar_A[31]_B[31]_LessThan_8_o_cy<15 : 0> on block ALU_M is not
   reconstructed, because there are some missing bus signals.
  finished :Prep
Writing EDIF netlist file ALU_M.edif ...
ngc2edif: Total memory usage is 86168 kilobytes

Parsing EDIF File [./planAhead_run_2/Exp3.data/cache/ALU_M_ngc_zx.edif]
Finished Parsing EDIF File [./planAhead_run_2/Exp3.data/cache/ALU_M_ngc_zx.edif]
Loading clock regions from C:/Xilinx/14.7/ISE_DS/PlanAhead/data\parts/xilinx/spartan6/spartan6lx/xc6slx16/ClockRegion.xml
Loading clock buffers from C:/Xilinx/14.7/ISE_DS/PlanAhead/data\parts/xilinx/spartan6/spartan6lx/xc6slx16/ClockBuffers.xml
Loading package pin functions from C:/Xilinx/14.7/ISE_DS/PlanAhead/data\parts/xilinx/spartan6/PinFunctions.xml...
Loading package from C:/Xilinx/14.7/ISE_DS/PlanAhead/data\parts/xilinx/spartan6/spartan6lx/xc6slx16/csg324/Package.xml
Loading io standards from C:/Xilinx/14.7/ISE_DS/PlanAhead/data\./parts/xilinx/spartan6/IOStandards.xml
Loading device configuration modes from C:/Xilinx/14.7/ISE_DS/PlanAhead/data\parts/xilinx/spartan6/ConfigModes.xml
Loading list of drcs for the architecture : C:/Xilinx/14.7/ISE_DS/PlanAhead/data\./parts/xilinx/spartan6/drc.xml
Parsing UCF File [E:/CCOAexp/Experiment/Exp3_ALU/ALU_M.ucf]
Finished Parsing UCF File [E:/CCOAexp/Experiment/Exp3_ALU/ALU_M.ucf]
INFO: [Project 1-111] Unisim Transformation Summary:
No Unisim elements were transformed.

Phase 0 | Netlist Checksum: 3fbaf88a
link_design: Time (s): elapsed = 00:00:07 . Memory (MB): peak = 680.723 ; gain = 220.469
exit
ERROR: [PlanAhead 12-106] *** Exception: ui.h.b: Found deleted key in HTclEventBroker. Verify if the classes listed here call cleanup()
HTclEvent: DEBUG_CORE_CONFIG_CHANGE   Classes: ui.views.aR 
HTclEvent: SIGNAL_BUS_MODIFY   Classes: ui.views.aR 
HTclEvent: DEBUG_PORT_CONFIG_CHANGE   Classes: ui.views.aR 
HTclEvent: SIGNAL_MODIFY   Classes: ui.views.aR 
 (See E:/CCOAexp/Experiment/Exp3_ALU\planAhead_pid4608.debug)
ERROR: [Common 17-39] 'stop_gui' failed due to earlier errors.
INFO: [Common 17-206] Exiting PlanAhead at Fri May 18 14:11:37 2018...
INFO: [Common 17-83] Releasing license: PlanAhead
